0 info it worked if it ends with ok
1 verbose cli [ '/Users/mariogintili/.nvm/versions/node/v6.0.0/bin/node',
1 verbose cli   '/Users/mariogintili/.nvm/versions/node/v6.0.0/bin/npm',
1 verbose cli   'run',
1 verbose cli   'lint' ]
2 info using npm@3.8.6
3 info using node@v6.0.0
4 verbose run-script [ 'prelint', 'lint', 'postlint' ]
5 info lifecycle pretender@1.4.0~prelint: pretender@1.4.0
6 silly lifecycle pretender@1.4.0~prelint: no script for prelint, continuing
7 info lifecycle pretender@1.4.0~lint: pretender@1.4.0
8 verbose lifecycle pretender@1.4.0~lint: unsafe-perm in lifecycle true
9 verbose lifecycle pretender@1.4.0~lint: PATH: /Users/mariogintili/.nvm/versions/node/v6.0.0/lib/node_modules/npm/bin/node-gyp-bin:/Users/mariogintili/dev/oss/pretender/node_modules/.bin:/Users/mariogintili/.nvm/versions/node/v6.0.0/bin:/Users/mariogintili/.rvm/gems/ruby-2.2.3/bin:/Users/mariogintili/.rvm/gems/ruby-2.2.3@global/bin:/Users/mariogintili/.rvm/rubies/ruby-2.2.3/bin:~/.local/bin:/Users/mariogintili/.nvm/versions/node/v6.0.0/bin:/usr/local/bin:/usr/bin:/bin:/usr/sbin:/sbin:/Users/mariogintili/.rvm/bin
10 verbose lifecycle pretender@1.4.0~lint: CWD: /Users/mariogintili/dev/oss/pretender
11 silly lifecycle pretender@1.4.0~lint: Args: [ '-c', 'jshint pretender.js test' ]
12 silly lifecycle pretender@1.4.0~lint: Returned: code: 2  signal: null
13 info lifecycle pretender@1.4.0~lint: Failed to exec lint script
14 verbose stack Error: pretender@1.4.0 lint: `jshint pretender.js test`
14 verbose stack Exit status 2
14 verbose stack     at EventEmitter.<anonymous> (/Users/mariogintili/.nvm/versions/node/v6.0.0/lib/node_modules/npm/lib/utils/lifecycle.js:239:16)
14 verbose stack     at emitTwo (events.js:106:13)
14 verbose stack     at EventEmitter.emit (events.js:191:7)
14 verbose stack     at ChildProcess.<anonymous> (/Users/mariogintili/.nvm/versions/node/v6.0.0/lib/node_modules/npm/lib/utils/spawn.js:24:14)
14 verbose stack     at emitTwo (events.js:106:13)
14 verbose stack     at ChildProcess.emit (events.js:191:7)
14 verbose stack     at maybeClose (internal/child_process.js:850:16)
14 verbose stack     at Process.ChildProcess._handle.onexit (internal/child_process.js:215:5)
15 verbose pkgid pretender@1.4.0
16 verbose cwd /Users/mariogintili/dev/oss/pretender
17 error Darwin 16.0.0
18 error argv "/Users/mariogintili/.nvm/versions/node/v6.0.0/bin/node" "/Users/mariogintili/.nvm/versions/node/v6.0.0/bin/npm" "run" "lint"
19 error node v6.0.0
20 error npm  v3.8.6
21 error code ELIFECYCLE
22 error pretender@1.4.0 lint: `jshint pretender.js test`
22 error Exit status 2
23 error Failed at the pretender@1.4.0 lint script 'jshint pretender.js test'.
23 error Make sure you have the latest version of node.js and npm installed.
23 error If you do, this is most likely a problem with the pretender package,
23 error not with npm itself.
23 error Tell the author that this fails on your system:
23 error     jshint pretender.js test
23 error You can get information on how to open an issue for this project with:
23 error     npm bugs pretender
23 error Or if that isn't available, you can get their info via:
23 error     npm owner ls pretender
23 error There is likely additional logging output above.
24 verbose exit [ 1, true ]
